{
  "0 debug pnpm:scope": {
    "selected": 1
  },
  "1 error pnpm": {
    "code": "ELIFECYCLE",
    "errno": "ENOENT",
    "syscall": "spawn",
    "file": "sh",
    "pkgid": "react-ecs-webworker@0.0.0",
    "stage": "dev",
    "script": "vite",
    "pkgname": "react-ecs-webworker",
    "err": {
      "name": "pnpm",
      "message": "react-ecs-webworker@0.0.0 dev: `vite`\nspawn ENOENT",
      "code": "ELIFECYCLE",
      "stack": "pnpm: react-ecs-webworker@0.0.0 dev: `vite`\nspawn ENOENT\n    at ChildProcess.<anonymous> (/home/christsou/.nvm/versions/node/v17.0.1/pnpm-global/5/node_modules/.pnpm/pnpm@6.21.0/node_modules/pnpm/dist/pnpm.cjs:91269:22)\n    at ChildProcess.emit (node:events:390:28)\n    at maybeClose (node:internal/child_process:1062:16)\n    at Process.ChildProcess._handle.onexit (node:internal/child_process:301:5)"
    }
  },
  "2 warn pnpm:global": " Local package.json exists, but node_modules missing, did you mean to install?"
}